App 16523 output: /home/pr226/server/app.js:41
App 16523 output: console.log(listner.address().port);
App 16523 output:             ^
App 16523 output: 
App 16523 output: ReferenceError: listner is not defined
App 16523 output:     at Object.<anonymous> (/home/pr226/server/app.js:41:13)
App 16523 output:     at Module._compile (internal/modules/cjs/loader.js:816:30)
App 16523 output:     at Object.Module._extensions..js (internal/modules/cjs/loader.js:827:10)
App 16523 output:     at Module.load (internal/modules/cjs/loader.js:685:32)
App 16523 output:     at Function.Module._load (internal/modules/cjs/loader.js:620:12)
App 16523 output:     at Module.require (internal/modules/cjs/loader.js:723:19)
App 16523 output:     at Module.require (/opt/passenger-5.3.7-9.el7.cloudlinux/src/helper-scripts/node-loader.js:80:25)
App 16523 output:     at require (internal/modules/cjs/helpers.js:14:16)
App 16523 output:     at loadApplication (/opt/passenger-5.3.7-9.el7.cloudlinux/src/helper-scripts/node-loader.js:243:2)
App 16523 output:     at setupEnvironment (/opt/passenger-5.3.7-9.el7.cloudlinux/src/helper-scripts/node-loader.js:214:2)
App 18174 output: /home/pr226/server/app.js:41
App 18174 output: console.log(listener.address().port);
App 18174 output:             ^
App 18174 output: 
App 18174 output: ReferenceError: listener is not defined
App 18174 output:     at Object.<anonymous> (/home/pr226/server/app.js:41:13)
App 18174 output:     at Module._compile (internal/modules/cjs/loader.js:816:30)
App 18174 output:     at Object.Module._extensions..js (internal/modules/cjs/loader.js:827:10)
App 18174 output:     at Module.load (internal/modules/cjs/loader.js:685:32)
App 18174 output:     at Function.Module._load (internal/modules/cjs/loader.js:620:12)
App 18174 output:     at Module.require (internal/modules/cjs/loader.js:723:19)
App 18174 output:     at Module.require (/opt/passenger-5.3.7-9.el7.cloudlinux/src/helper-scripts/node-loader.js:80:25)
App 18174 output:     at require (internal/modules/cjs/helpers.js:14:16)
App 18174 output:     at loadApplication (/opt/passenger-5.3.7-9.el7.cloudlinux/src/helper-scripts/node-loader.js:243:2)
App 18174 output:     at setupEnvironment (/opt/passenger-5.3.7-9.el7.cloudlinux/src/helper-scripts/node-loader.js:214:2)
App 16610 output: Hello!
App 22210 output: Hello!
App 28356 output: im about to specify routes
App 28356 output: routes specified
App 3860 output: im about to specify routes
App 3860 output: routes specified
App 6373 output: im about to specify routes
App 6373 output: routes specified
App 8391 output: im about to specify routes
App 8391 output: routes specified
App 13862 output: routes specified
App 13862 output: exporting the app
App 14165 output: routes specified
App 14165 output: exporting the app
App 25938 output: routes specified
App 25938 output: exporting the app
App 31568 output: routes specified
App 31568 output: exporting the app
App 14148 output: routes specified
App 14148 output: exporting the app
App 20664 output: routes specified
App 20664 output: exporting the app
App 24461 output: routes specified
App 24461 output: exporting the app
App 2018 output: routes specified
App 2018 output: exporting the app
App 4079 output: routes specified
App 4079 output: exporting the app
App 4059 output: routes specified
App 4059 output: exporting the app
